1630760364.818958 client started (31860): version 2.6, socket /tmp/tmux-1006/default, protocol 8
1630760364.818998 on Linux 5.4.0-53-generic #59~18.04.1-Ubuntu SMP Wed Oct 21 12:14:56 UTC 2020; libevent 2.1.8-stable (poll)
1630760364.819026 socket is /tmp/tmux-1006/default
1630760364.819042 trying connect
1630760364.819156 add peer 0x55853de56250: 6 ((nil))
1630760364.819236 sending message 100 to peer 0x55853de56250 (4 bytes)
1630760364.819248 sending message 101 to peer 0x55853de56250 (7 bytes)
1630760364.819256 sending message 102 to peer 0x55853de56250 (11 bytes)
1630760364.819263 sending message 108 to peer 0x55853de56250 (33 bytes)
1630760364.819271 sending message 104 to peer 0x55853de56250 (0 bytes)
1630760364.819279 sending message 107 to peer 0x55853de56250 (4 bytes)
1630760364.819286 sending message 105 to peer 0x55853de56250 (14 bytes)
1630760364.819293 sending message 105 to peer 0x55853de56250 (1516 bytes)
1630760364.819313 sending message 105 to peer 0x55853de56250 (46 bytes)
1630760364.819321 sending message 105 to peer 0x55853de56250 (53 bytes)
1630760364.819328 sending message 105 to peer 0x55853de56250 (34 bytes)
1630760364.819335 sending message 105 to peer 0x55853de56250 (17 bytes)
1630760364.819342 sending message 105 to peer 0x55853de56250 (20 bytes)
1630760364.819349 sending message 105 to peer 0x55853de56250 (62 bytes)
1630760364.819356 sending message 105 to peer 0x55853de56250 (7 bytes)
1630760364.819362 sending message 105 to peer 0x55853de56250 (18 bytes)
1630760364.819369 sending message 105 to peer 0x55853de56250 (15 bytes)
1630760364.819377 sending message 105 to peer 0x55853de56250 (41 bytes)
1630760364.819384 sending message 105 to peer 0x55853de56250 (37 bytes)
1630760364.819391 sending message 105 to peer 0x55853de56250 (21 bytes)
1630760364.819398 sending message 105 to peer 0x55853de56250 (54 bytes)
1630760364.819405 sending message 105 to peer 0x55853de56250 (107 bytes)
1630760364.819412 sending message 105 to peer 0x55853de56250 (105 bytes)
1630760364.819419 sending message 105 to peer 0x55853de56250 (20 bytes)
1630760364.819426 sending message 105 to peer 0x55853de56250 (34 bytes)
1630760364.819433 sending message 105 to peer 0x55853de56250 (28 bytes)
1630760364.819441 sending message 105 to peer 0x55853de56250 (35 bytes)
1630760364.819448 sending message 105 to peer 0x55853de56250 (65 bytes)
1630760364.819455 sending message 105 to peer 0x55853de56250 (11 bytes)
1630760364.819462 sending message 105 to peer 0x55853de56250 (88 bytes)
1630760364.819469 sending message 105 to peer 0x55853de56250 (43 bytes)
1630760364.819476 sending message 105 to peer 0x55853de56250 (25 bytes)
1630760364.819484 sending message 105 to peer 0x55853de56250 (136 bytes)
1630760364.819491 sending message 105 to peer 0x55853de56250 (12 bytes)
1630760364.819498 sending message 105 to peer 0x55853de56250 (16 bytes)
1630760364.819505 sending message 105 to peer 0x55853de56250 (13 bytes)
1630760364.819513 sending message 105 to peer 0x55853de56250 (8 bytes)
1630760364.819519 sending message 105 to peer 0x55853de56250 (18 bytes)
1630760364.819530 sending message 105 to peer 0x55853de56250 (234 bytes)
1630760364.819537 sending message 105 to peer 0x55853de56250 (64 bytes)
1630760364.819544 sending message 105 to peer 0x55853de56250 (18 bytes)
1630760364.819551 sending message 105 to peer 0x55853de56250 (54 bytes)
1630760364.819559 sending message 105 to peer 0x55853de56250 (119 bytes)
1630760364.819566 sending message 105 to peer 0x55853de56250 (31 bytes)
1630760364.819572 sending message 105 to peer 0x55853de56250 (562 bytes)
1630760364.819579 sending message 105 to peer 0x55853de56250 (36 bytes)
1630760364.819586 sending message 105 to peer 0x55853de56250 (32 bytes)
1630760364.819593 sending message 105 to peer 0x55853de56250 (23 bytes)
1630760364.819600 sending message 105 to peer 0x55853de56250 (16 bytes)
1630760364.819607 sending message 105 to peer 0x55853de56250 (16 bytes)
1630760364.819614 sending message 106 to peer 0x55853de56250 (0 bytes)
1630760364.819621 sending message 200 to peer 0x55853de56250 (4 bytes)
1630760364.819636 client loop enter
1630760364.820554 peer 0x55853de56250 message 211
1630760364.820602 peer 0x55853de56250 message 203
1630760364.820615 client loop exit
